<?xml version="1.0" encoding="UTF-8"?>
<!-- Generated by org.testng.reporters.JUnitReportReporter -->
<testsuite hostname="Home-pc" name="com.example.tests.GroupModificationTests" tests="5" failures="0" timestamp="8 Oct 2015 20:58:30 GMT" time="15.753" errors="0">
  <testcase name="modifySomeGroup" time="3.226" classname="com.example.tests.GroupModificationTests"/>
  <testcase name="modifySomeGroup" time="2.820" classname="com.example.tests.GroupModificationTests"/>
  <testcase name="modifySomeGroup" time="3.506" classname="com.example.tests.GroupModificationTests"/>
  <testcase name="modifySomeGroup" time="3.128" classname="com.example.tests.GroupModificationTests"/>
  <testcase name="modifySomeGroup" time="3.073" classname="com.example.tests.GroupModificationTests"/>
</testsuite> <!-- com.example.tests.GroupModificationTests -->
