<?xml version="1.0" encoding="UTF-8"?>
<!-- Generated by org.testng.reporters.JUnitReportReporter -->
<testsuite hostname="Home-pc" name="com.example.tests.GroupCreationTests" tests="2" failures="0" timestamp="7 Oct 2015 16:27:22 GMT" time="6.022" errors="0">
  <testcase name="testEmptyGroupCreation" time="3.341" classname="com.example.tests.GroupCreationTests"/>
  <testcase name="testNonEmptyGroupCreation" time="2.681" classname="com.example.tests.GroupCreationTests"/>
</testsuite> <!-- com.example.tests.GroupCreationTests -->
