<?xml version="1.0" encoding="UTF-8"?>
<!-- Generated by org.testng.reporters.JUnitReportReporter -->
<testsuite hostname="Home-pc" name="com.example.tests.ContactsCreationTests" tests="2" failures="0" timestamp="8 Oct 2015 18:43:42 GMT" time="9.311" errors="0">
  <testcase name="testNonEmptyContactsCreation2" time="4.172" classname="com.example.tests.ContactsCreationTests"/>
  <testcase name="testNonEmptyContactsCreation" time="5.139" classname="com.example.tests.ContactsCreationTests"/>
</testsuite> <!-- com.example.tests.ContactsCreationTests -->
