<?xml version="1.0" encoding="UTF-8"?>
<!-- Generated by org.testng.reporters.JUnitReportReporter -->
<testsuite hostname="Home-pc" name="com.example.tests.GroupModificationTests" tests="1" failures="0" timestamp="8 Oct 2015 17:51:24 GMT" time="3.613" errors="0">
  <testcase name="modifySomeGroup" time="3.613" classname="com.example.tests.GroupModificationTests"/>
</testsuite> <!-- com.example.tests.GroupModificationTests -->
