<?xml version="1.0" encoding="UTF-8"?>
<!-- Generated by org.testng.reporters.JUnitReportReporter -->
<testsuite hostname="Home-pc" name="com.example.tests.ContactsModificationTests" tests="1" failures="0" timestamp="8 Oct 2015 19:07:22 GMT" time="2.916" errors="0">
  <testcase name="modifySomeContacts" time="2.916" classname="com.example.tests.ContactsModificationTests"/>
</testsuite> <!-- com.example.tests.ContactsModificationTests -->
