<?xml version="1.0" encoding="UTF-8"?>
<!-- Generated by org.testng.reporters.JUnitReportReporter -->
<testsuite hostname="Home-pc" name="com.example.tests.GroupCreationTests" tests="5" failures="0" timestamp="8 Oct 2015 20:47:29 GMT" time="16.924" errors="0">
  <testcase name="testGroupCreationWithValidData" time="3.495" classname="com.example.tests.GroupCreationTests"/>
  <testcase name="testGroupCreationWithValidData" time="4.095" classname="com.example.tests.GroupCreationTests"/>
  <testcase name="testGroupCreationWithValidData" time="2.963" classname="com.example.tests.GroupCreationTests"/>
  <testcase name="testGroupCreationWithValidData" time="3.372" classname="com.example.tests.GroupCreationTests"/>
  <testcase name="testGroupCreationWithValidData" time="2.999" classname="com.example.tests.GroupCreationTests"/>
</testsuite> <!-- com.example.tests.GroupCreationTests -->
